<?xml version="1.0" encoding="UTF-8"?>
<testsuite xmlns:xsi="http://www.w3.org/2001/XMLSchema-instance" xsi:noNamespaceSchemaLocation="https://maven.apache.org/surefire/maven-surefire-plugin/xsd/surefire-test-report-3.0.xsd" version="3.0" name="com.verdanttechs.jakarta.ee9.HelloServletTest" time="0.723" tests="1" errors="0" skipped="0" failures="0">
  <properties>
    <property name="java.specification.version" value="21"/>
    <property name="sun.jnu.encoding" value="UTF-8"/>
    <property name="java.class.path" value="/Users/jesse/Dev/PiTrac/Software/LMSourceCode/ImageProcessing/golfsim_tomee_webapp/target/test-classes:/Users/jesse/Dev/PiTrac/Software/LMSourceCode/ImageProcessing/golfsim_tomee_webapp/target/classes:/Users/jesse/.m2/repository/jakarta/platform/jakarta.jakartaee-web-api/9.0.0/jakarta.jakartaee-web-api-9.0.0.jar:/Users/jesse/.m2/repository/jakarta/servlet/jakarta.servlet-api/6.1.0-M1/jakarta.servlet-api-6.1.0-M1.jar:/Users/jesse/.m2/repository/org/apache/activemq/activemq-client/6.0.1/activemq-client-6.0.1.jar:/Users/jesse/.m2/repository/org/slf4j/slf4j-api/2.0.9/slf4j-api-2.0.9.jar:/Users/jesse/.m2/repository/jakarta/jms/jakarta.jms-api/3.1.0/jakarta.jms-api-3.1.0.jar:/Users/jesse/.m2/repository/org/fusesource/hawtbuf/hawtbuf/1.11/hawtbuf-1.11.jar:/Users/jesse/.m2/repository/org/apache/activemq/activemq-camel/5.16.7/activemq-camel-5.16.7.jar:/Users/jesse/.m2/repository/org/apache/camel/camel-jms/2.25.4/camel-jms-2.25.4.jar:/Users/jesse/.m2/repository/org/apache/camel/camel-core/2.25.4/camel-core-2.25.4.jar:/Users/jesse/.m2/repository/com/sun/xml/bind/jaxb-core/2.3.0/jaxb-core-2.3.0.jar:/Users/jesse/.m2/repository/com/sun/xml/bind/jaxb-impl/2.3.0/jaxb-impl-2.3.0.jar:/Users/jesse/.m2/repository/org/apache/camel/camel-spring/2.25.4/camel-spring-2.25.4.jar:/Users/jesse/.m2/repository/org/springframework/spring-core/5.1.20.RELEASE/spring-core-5.1.20.RELEASE.jar:/Users/jesse/.m2/repository/org/springframework/spring-jcl/5.1.20.RELEASE/spring-jcl-5.1.20.RELEASE.jar:/Users/jesse/.m2/repository/org/springframework/spring-aop/5.1.20.RELEASE/spring-aop-5.1.20.RELEASE.jar:/Users/jesse/.m2/repository/org/springframework/spring-expression/5.1.20.RELEASE/spring-expression-5.1.20.RELEASE.jar:/Users/jesse/.m2/repository/org/springframework/spring-jms/5.1.20.RELEASE/spring-jms-5.1.20.RELEASE.jar:/Users/jesse/.m2/repository/org/springframework/spring-messaging/5.1.20.RELEASE/spring-messaging-5.1.20.RELEASE.jar:/Users/jesse/.m2/repository/org/springframework/spring-context/5.1.20.RELEASE/spring-context-5.1.20.RELEASE.jar:/Users/jesse/.m2/repository/org/springframework/spring-tx/5.1.20.RELEASE/spring-tx-5.1.20.RELEASE.jar:/Users/jesse/.m2/repository/org/springframework/spring-beans/5.1.20.RELEASE/spring-beans-5.1.20.RELEASE.jar:/Users/jesse/.m2/repository/org/apache/activemq/activemq-spring/5.16.7/activemq-spring-5.16.7.jar:/Users/jesse/.m2/repository/org/apache/xbean/xbean-spring/4.22/xbean-spring-4.22.jar:/Users/jesse/.m2/repository/commons-logging/commons-logging/1.0.3/commons-logging-1.0.3.jar:/Users/jesse/.m2/repository/org/apache/geronimo/specs/geronimo-jta_1.1_spec/1.1.1/geronimo-jta_1.1_spec-1.1.1.jar:/Users/jesse/.m2/repository/org/apache/activemq/activemq-pool/6.0.1/activemq-pool-6.0.1.jar:/Users/jesse/.m2/repository/org/apache/activemq/activemq-jms-pool/6.0.1/activemq-jms-pool-6.0.1.jar:/Users/jesse/.m2/repository/org/apache/commons/commons-pool2/2.12.0/commons-pool2-2.12.0.jar:/Users/jesse/.m2/repository/org/apache/activemq/activemq-broker/6.0.1/activemq-broker-6.0.1.jar:/Users/jesse/.m2/repository/org/apache/activemq/activemq-openwire-legacy/6.0.1/activemq-openwire-legacy-6.0.1.jar:/Users/jesse/.m2/repository/jakarta/annotation/jakarta.annotation-api/2.1.1/jakarta.annotation-api-2.1.1.jar:/Users/jesse/.m2/repository/com/fasterxml/jackson/core/jackson-databind/2.16.0/jackson-databind-2.16.0.jar:/Users/jesse/.m2/repository/com/fasterxml/jackson/core/jackson-annotations/2.16.0/jackson-annotations-2.16.0.jar:/Users/jesse/.m2/repository/com/fasterxml/jackson/core/jackson-core/2.16.0/jackson-core-2.16.0.jar:/Users/jesse/.m2/repository/org/msgpack/msgpack-core/0.9.6/msgpack-core-0.9.6.jar:/Users/jesse/.m2/repository/com/google/code/gson/gson/2.9.0/gson-2.9.0.jar:/Users/jesse/.m2/repository/org/junit/jupiter/junit-jupiter-api/5.11.4/junit-jupiter-api-5.11.4.jar:/Users/jesse/.m2/repository/org/opentest4j/opentest4j/1.3.0/opentest4j-1.3.0.jar:/Users/jesse/.m2/repository/org/junit/platform/junit-platform-commons/1.11.4/junit-platform-commons-1.11.4.jar:/Users/jesse/.m2/repository/org/apiguardian/apiguardian-api/1.1.2/apiguardian-api-1.1.2.jar:/Users/jesse/.m2/repository/org/mockito/mockito-junit-jupiter/5.15.2/mockito-junit-jupiter-5.15.2.jar:/Users/jesse/.m2/repository/org/mockito/mockito-core/5.15.2/mockito-core-5.15.2.jar:/Users/jesse/.m2/repository/net/bytebuddy/byte-buddy/1.15.11/byte-buddy-1.15.11.jar:/Users/jesse/.m2/repository/net/bytebuddy/byte-buddy-agent/1.15.11/byte-buddy-agent-1.15.11.jar:/Users/jesse/.m2/repository/org/objenesis/objenesis/3.3/objenesis-3.3.jar:"/>
    <property name="java.vm.vendor" value="Amazon.com Inc."/>
    <property name="sun.arch.data.model" value="64"/>
    <property name="java.vendor.url" value="https://aws.amazon.com/corretto/"/>
    <property name="user.timezone" value="America/Los_Angeles"/>
    <property name="os.name" value="Mac OS X"/>
    <property name="java.vm.specification.version" value="21"/>
    <property name="sun.java.launcher" value="SUN_STANDARD"/>
    <property name="user.country" value="US"/>
    <property name="sun.boot.library.path" value="/Library/Java/JavaVirtualMachines/amazon-corretto-21.jdk/Contents/Home/lib"/>
    <property name="sun.java.command" value="/Users/jesse/Dev/PiTrac/Software/LMSourceCode/ImageProcessing/golfsim_tomee_webapp/target/surefire/surefirebooter-20250106141315404_3.jar /Users/jesse/Dev/PiTrac/Software/LMSourceCode/ImageProcessing/golfsim_tomee_webapp/target/surefire 2025-01-06T14-13-15_276-jvmRun1 surefire-20250106141315404_1tmp surefire_0-20250106141315404_2tmp"/>
    <property name="http.nonProxyHosts" value="local|*.local|169.254/16|*.169.254/16"/>
    <property name="jdk.debug" value="release"/>
    <property name="surefire.test.class.path" value="/Users/jesse/Dev/PiTrac/Software/LMSourceCode/ImageProcessing/golfsim_tomee_webapp/target/test-classes:/Users/jesse/Dev/PiTrac/Software/LMSourceCode/ImageProcessing/golfsim_tomee_webapp/target/classes:/Users/jesse/.m2/repository/jakarta/platform/jakarta.jakartaee-web-api/9.0.0/jakarta.jakartaee-web-api-9.0.0.jar:/Users/jesse/.m2/repository/jakarta/servlet/jakarta.servlet-api/6.1.0-M1/jakarta.servlet-api-6.1.0-M1.jar:/Users/jesse/.m2/repository/org/apache/activemq/activemq-client/6.0.1/activemq-client-6.0.1.jar:/Users/jesse/.m2/repository/org/slf4j/slf4j-api/2.0.9/slf4j-api-2.0.9.jar:/Users/jesse/.m2/repository/jakarta/jms/jakarta.jms-api/3.1.0/jakarta.jms-api-3.1.0.jar:/Users/jesse/.m2/repository/org/fusesource/hawtbuf/hawtbuf/1.11/hawtbuf-1.11.jar:/Users/jesse/.m2/repository/org/apache/activemq/activemq-camel/5.16.7/activemq-camel-5.16.7.jar:/Users/jesse/.m2/repository/org/apache/camel/camel-jms/2.25.4/camel-jms-2.25.4.jar:/Users/jesse/.m2/repository/org/apache/camel/camel-core/2.25.4/camel-core-2.25.4.jar:/Users/jesse/.m2/repository/com/sun/xml/bind/jaxb-core/2.3.0/jaxb-core-2.3.0.jar:/Users/jesse/.m2/repository/com/sun/xml/bind/jaxb-impl/2.3.0/jaxb-impl-2.3.0.jar:/Users/jesse/.m2/repository/org/apache/camel/camel-spring/2.25.4/camel-spring-2.25.4.jar:/Users/jesse/.m2/repository/org/springframework/spring-core/5.1.20.RELEASE/spring-core-5.1.20.RELEASE.jar:/Users/jesse/.m2/repository/org/springframework/spring-jcl/5.1.20.RELEASE/spring-jcl-5.1.20.RELEASE.jar:/Users/jesse/.m2/repository/org/springframework/spring-aop/5.1.20.RELEASE/spring-aop-5.1.20.RELEASE.jar:/Users/jesse/.m2/repository/org/springframework/spring-expression/5.1.20.RELEASE/spring-expression-5.1.20.RELEASE.jar:/Users/jesse/.m2/repository/org/springframework/spring-jms/5.1.20.RELEASE/spring-jms-5.1.20.RELEASE.jar:/Users/jesse/.m2/repository/org/springframework/spring-messaging/5.1.20.RELEASE/spring-messaging-5.1.20.RELEASE.jar:/Users/jesse/.m2/repository/org/springframework/spring-context/5.1.20.RELEASE/spring-context-5.1.20.RELEASE.jar:/Users/jesse/.m2/repository/org/springframework/spring-tx/5.1.20.RELEASE/spring-tx-5.1.20.RELEASE.jar:/Users/jesse/.m2/repository/org/springframework/spring-beans/5.1.20.RELEASE/spring-beans-5.1.20.RELEASE.jar:/Users/jesse/.m2/repository/org/apache/activemq/activemq-spring/5.16.7/activemq-spring-5.16.7.jar:/Users/jesse/.m2/repository/org/apache/xbean/xbean-spring/4.22/xbean-spring-4.22.jar:/Users/jesse/.m2/repository/commons-logging/commons-logging/1.0.3/commons-logging-1.0.3.jar:/Users/jesse/.m2/repository/org/apache/geronimo/specs/geronimo-jta_1.1_spec/1.1.1/geronimo-jta_1.1_spec-1.1.1.jar:/Users/jesse/.m2/repository/org/apache/activemq/activemq-pool/6.0.1/activemq-pool-6.0.1.jar:/Users/jesse/.m2/repository/org/apache/activemq/activemq-jms-pool/6.0.1/activemq-jms-pool-6.0.1.jar:/Users/jesse/.m2/repository/org/apache/commons/commons-pool2/2.12.0/commons-pool2-2.12.0.jar:/Users/jesse/.m2/repository/org/apache/activemq/activemq-broker/6.0.1/activemq-broker-6.0.1.jar:/Users/jesse/.m2/repository/org/apache/activemq/activemq-openwire-legacy/6.0.1/activemq-openwire-legacy-6.0.1.jar:/Users/jesse/.m2/repository/jakarta/annotation/jakarta.annotation-api/2.1.1/jakarta.annotation-api-2.1.1.jar:/Users/jesse/.m2/repository/com/fasterxml/jackson/core/jackson-databind/2.16.0/jackson-databind-2.16.0.jar:/Users/jesse/.m2/repository/com/fasterxml/jackson/core/jackson-annotations/2.16.0/jackson-annotations-2.16.0.jar:/Users/jesse/.m2/repository/com/fasterxml/jackson/core/jackson-core/2.16.0/jackson-core-2.16.0.jar:/Users/jesse/.m2/repository/org/msgpack/msgpack-core/0.9.6/msgpack-core-0.9.6.jar:/Users/jesse/.m2/repository/com/google/code/gson/gson/2.9.0/gson-2.9.0.jar:/Users/jesse/.m2/repository/org/junit/jupiter/junit-jupiter-api/5.11.4/junit-jupiter-api-5.11.4.jar:/Users/jesse/.m2/repository/org/opentest4j/opentest4j/1.3.0/opentest4j-1.3.0.jar:/Users/jesse/.m2/repository/org/junit/platform/junit-platform-commons/1.11.4/junit-platform-commons-1.11.4.jar:/Users/jesse/.m2/repository/org/apiguardian/apiguardian-api/1.1.2/apiguardian-api-1.1.2.jar:/Users/jesse/.m2/repository/org/mockito/mockito-junit-jupiter/5.15.2/mockito-junit-jupiter-5.15.2.jar:/Users/jesse/.m2/repository/org/mockito/mockito-core/5.15.2/mockito-core-5.15.2.jar:/Users/jesse/.m2/repository/net/bytebuddy/byte-buddy/1.15.11/byte-buddy-1.15.11.jar:/Users/jesse/.m2/repository/net/bytebuddy/byte-buddy-agent/1.15.11/byte-buddy-agent-1.15.11.jar:/Users/jesse/.m2/repository/org/objenesis/objenesis/3.3/objenesis-3.3.jar:"/>
    <property name="sun.cpu.endian" value="little"/>
    <property name="user.home" value="/Users/jesse"/>
    <property name="user.language" value="en"/>
    <property name="java.specification.vendor" value="Oracle Corporation"/>
    <property name="java.version.date" value="2024-10-15"/>
    <property name="java.home" value="/Library/Java/JavaVirtualMachines/amazon-corretto-21.jdk/Contents/Home"/>
    <property name="file.separator" value="/"/>
    <property name="basedir" value="/Users/jesse/Dev/PiTrac/Software/LMSourceCode/ImageProcessing/golfsim_tomee_webapp"/>
    <property name="java.vm.compressedOopsMode" value="Zero based"/>
    <property name="line.separator" value="&#10;"/>
    <property name="java.vm.specification.vendor" value="Oracle Corporation"/>
    <property name="java.specification.name" value="Java Platform API Specification"/>
    <property name="apple.awt.application.name" value="ForkedBooter"/>
    <property name="surefire.real.class.path" value="/Users/jesse/Dev/PiTrac/Software/LMSourceCode/ImageProcessing/golfsim_tomee_webapp/target/surefire/surefirebooter-20250106141315404_3.jar"/>
    <property name="sun.management.compiler" value="HotSpot 64-Bit Tiered Compilers"/>
    <property name="ftp.nonProxyHosts" value="local|*.local|169.254/16|*.169.254/16"/>
    <property name="java.runtime.version" value="21.0.5+11-LTS"/>
    <property name="user.name" value="jesse"/>
    <property name="stdout.encoding" value="UTF-8"/>
    <property name="path.separator" value=":"/>
    <property name="os.version" value="15.1.1"/>
    <property name="java.runtime.name" value="OpenJDK Runtime Environment"/>
    <property name="file.encoding" value="UTF-8"/>
    <property name="java.vm.name" value="OpenJDK 64-Bit Server VM"/>
    <property name="java.vendor.version" value="Corretto-21.0.5.11.1"/>
    <property name="localRepository" value="/Users/jesse/.m2/repository"/>
    <property name="java.vendor.url.bug" value="https://github.com/corretto/corretto-21/issues/"/>
    <property name="java.io.tmpdir" value="/var/folders/4w/26yvh98n4d350yhrkf3f6j200000gn/T/"/>
    <property name="java.version" value="21.0.5"/>
    <property name="user.dir" value="/Users/jesse/Dev/PiTrac/Software/LMSourceCode/ImageProcessing/golfsim_tomee_webapp"/>
    <property name="os.arch" value="aarch64"/>
    <property name="java.vm.specification.name" value="Java Virtual Machine Specification"/>
    <property name="native.encoding" value="UTF-8"/>
    <property name="java.library.path" value="/Users/jesse/Library/Java/Extensions:/Library/Java/Extensions:/Network/Library/Java/Extensions:/System/Library/Java/Extensions:/usr/lib/java:."/>
    <property name="java.vm.info" value="mixed mode, sharing"/>
    <property name="stderr.encoding" value="UTF-8"/>
    <property name="java.vendor" value="Amazon.com Inc."/>
    <property name="java.vm.version" value="21.0.5+11-LTS"/>
    <property name="sun.io.unicode.encoding" value="UnicodeBig"/>
    <property name="socksNonProxyHosts" value="local|*.local|169.254/16|*.169.254/16"/>
    <property name="java.class.version" value="65.0"/>
  </properties>
  <testcase name="doGet_returnsTestMonitorCompleted" classname="com.verdanttechs.jakarta.ee9.HelloServletTest" time="0.713">
    <system-err><![CDATA[Mockito is currently self-attaching to enable the inline-mock-maker. This will no longer work in future releases of the JDK. Please add Mockito as an agent to your build as described in Mockito's documentation: https://javadoc.io/doc/org.mockito/mockito-core/latest/org/mockito/Mockito.html#0.3
WARNING: A Java agent has been loaded dynamically (/Users/jesse/.m2/repository/net/bytebuddy/byte-buddy-agent/1.15.11/byte-buddy-agent-1.15.11.jar)
WARNING: If a serviceability tool is in use, please run with -XX:+EnableDynamicAgentLoading to hide this warning
WARNING: If a serviceability tool is not in use, please run with -Djdk.instrument.traceUsage for more information
WARNING: Dynamic loading of agents will be disallowed by default in a future release
]]></system-err>
  </testcase>
</testsuite>